<?xml version="1.0" encoding="UTF-8"?>
<coverage generated="1620048167386" clover="3.2.0">
  <project timestamp="1620048167386" name="All files">
    <metrics statements="40" coveredstatements="36" conditionals="17" coveredconditionals="12" methods="3" coveredmethods="3" elements="60" coveredelements="51" complexity="0" loc="40" ncloc="40" packages="1" files="1" classes="1"/>
    <file name="index.js" path="/home/osinp/Hexlet/frontend-testing-react/exercises/ci/src/index.js">
      <metrics statements="40" coveredstatements="36" conditionals="17" coveredconditionals="12" methods="3" coveredmethods="3"/>
      <line num="1" count="1" type="stmt"/>
      <line num="5" count="1" type="stmt"/>
      <line num="6" count="4" type="cond" truecount="1" falsecount="1"/>
      <line num="7" count="0" type="stmt"/>
      <line num="9" count="4" type="cond" truecount="1" falsecount="1"/>
      <line num="12" count="1" type="stmt"/>
      <line num="13" count="7" type="cond" truecount="1" falsecount="1"/>
      <line num="14" count="0" type="stmt"/>
      <line num="17" count="7" type="stmt"/>
      <line num="18" count="7" type="stmt"/>
      <line num="19" count="4" type="stmt"/>
      <line num="21" count="3" type="stmt"/>
      <line num="25" count="1" type="cond" truecount="1" falsecount="0"/>
      <line num="28" count="7" type="cond" truecount="3" falsecount="1"/>
      <line num="30" count="0" type="stmt"/>
      <line num="33" count="7" type="stmt"/>
      <line num="34" count="4" type="stmt"/>
      <line num="36" count="4" type="cond" truecount="2" falsecount="0"/>
      <line num="37" count="2" type="stmt"/>
      <line num="38" count="2" type="stmt"/>
      <line num="39" count="2" type="stmt"/>
      <line num="40" count="2" type="stmt"/>
      <line num="41" count="2" type="stmt"/>
      <line num="42" count="2" type="cond" truecount="2" falsecount="0"/>
      <line num="43" count="1" type="stmt"/>
      <line num="44" count="1" type="stmt"/>
      <line num="45" count="1" type="stmt"/>
      <line num="46" count="1" type="stmt"/>
      <line num="47" count="1" type="stmt"/>
      <line num="48" count="1" type="stmt"/>
      <line num="49" count="1" type="cond" truecount="1" falsecount="1"/>
      <line num="50" count="1" type="stmt"/>
      <line num="51" count="1" type="stmt"/>
      <line num="52" count="1" type="stmt"/>
      <line num="53" count="1" type="stmt"/>
      <line num="54" count="1" type="stmt"/>
      <line num="55" count="1" type="stmt"/>
      <line num="56" count="1" type="stmt"/>
      <line num="58" count="0" type="stmt"/>
      <line num="62" count="1" type="stmt"/>
    </file>
  </project>
</coverage>
