{"/home/osinp/Hexlet/frontend-testing-react/exercises/ci/src/index.js": {"path":"/home/osinp/Hexlet/frontend-testing-react/exercises/ci/src/index.js","statementMap":{"0":{"start":{"line":1,"column":11},"end":{"line":1,"column":24}},"1":{"start":{"line":5,"column":19},"end":{"line":10,"column":1}},"2":{"start":{"line":6,"column":4},"end":{"line":8,"column":5}},"3":{"start":{"line":7,"column":8},"end":{"line":7,"column":52}},"4":{"start":{"line":9,"column":4},"end":{"line":9,"column":79}},"5":{"start":{"line":12,"column":23},"end":{"line":23,"column":1}},"6":{"start":{"line":13,"column":4},"end":{"line":15,"column":5}},"7":{"start":{"line":14,"column":8},"end":{"line":14,"column":41}},"8":{"start":{"line":17,"column":4},"end":{"line":22,"column":5}},"9":{"start":{"line":18,"column":21},"end":{"line":18,"column":50}},"10":{"start":{"line":19,"column":8},"end":{"line":19,"column":32}},"11":{"start":{"line":21,"column":8},"end":{"line":21,"column":60}},"12":{"start":{"line":25,"column":18},"end":{"line":59,"column":1}},"13":{"start":{"line":28,"column":4},"end":{"line":31,"column":5}},"14":{"start":{"line":30,"column":8},"end":{"line":30,"column":49}},"15":{"start":{"line":33,"column":17},"end":{"line":33,"column":40}},"16":{"start":{"line":34,"column":24},"end":{"line":34,"column":28}},"17":{"start":{"line":36,"column":4},"end":{"line":42,"column":5}},"18":{"start":{"line":37,"column":32},"end":{"line":37,"column":50}},"19":{"start":{"line":38,"column":8},"end":{"line":38,"column":53}},"20":{"start":{"line":39,"column":23},"end":{"line":39,"column":70}},"21":{"start":{"line":40,"column":8},"end":{"line":40,"column":36}},"22":{"start":{"line":41,"column":8},"end":{"line":41,"column":22}},"23":{"start":{"line":42,"column":6},"end":{"line":49,"column":5}},"24":{"start":{"line":43,"column":32},"end":{"line":43,"column":50}},"25":{"start":{"line":44,"column":8},"end":{"line":44,"column":31}},"26":{"start":{"line":45,"column":8},"end":{"line":45,"column":53}},"27":{"start":{"line":46,"column":23},"end":{"line":46,"column":70}},"28":{"start":{"line":47,"column":8},"end":{"line":47,"column":36}},"29":{"start":{"line":48,"column":8},"end":{"line":48,"column":22}},"30":{"start":{"line":49,"column":6},"end":{"line":57,"column":5}},"31":{"start":{"line":50,"column":32},"end":{"line":50,"column":50}},"32":{"start":{"line":51,"column":8},"end":{"line":51,"column":31}},"33":{"start":{"line":52,"column":8},"end":{"line":52,"column":31}},"34":{"start":{"line":53,"column":8},"end":{"line":53,"column":53}},"35":{"start":{"line":54,"column":23},"end":{"line":54,"column":70}},"36":{"start":{"line":55,"column":8},"end":{"line":55,"column":36}},"37":{"start":{"line":56,"column":8},"end":{"line":56,"column":22}},"38":{"start":{"line":58,"column":4},"end":{"line":58,"column":48}},"39":{"start":{"line":62,"column":0},"end":{"line":62,"column":59}}},"fnMap":{"0":{"name":"(anonymous_0)","decl":{"start":{"line":5,"column":19},"end":{"line":5,"column":20}},"loc":{"start":{"line":5,"column":34},"end":{"line":10,"column":1}},"line":5},"1":{"name":"(anonymous_1)","decl":{"start":{"line":12,"column":23},"end":{"line":12,"column":24}},"loc":{"start":{"line":12,"column":33},"end":{"line":23,"column":1}},"line":12},"2":{"name":"(anonymous_2)","decl":{"start":{"line":25,"column":18},"end":{"line":25,"column":19}},"loc":{"start":{"line":25,"column":47},"end":{"line":59,"column":1}},"line":25}},"branchMap":{"0":{"loc":{"start":{"line":6,"column":4},"end":{"line":8,"column":5}},"type":"if","locations":[{"start":{"line":6,"column":4},"end":{"line":8,"column":5}},{"start":{"line":6,"column":4},"end":{"line":8,"column":5}}],"line":6},"1":{"loc":{"start":{"line":9,"column":21},"end":{"line":9,"column":55}},"type":"cond-expr","locations":[{"start":{"line":9,"column":35},"end":{"line":9,"column":38}},{"start":{"line":9,"column":41},"end":{"line":9,"column":55}}],"line":9},"2":{"loc":{"start":{"line":13,"column":4},"end":{"line":15,"column":5}},"type":"if","locations":[{"start":{"line":13,"column":4},"end":{"line":15,"column":5}},{"start":{"line":13,"column":4},"end":{"line":15,"column":5}}],"line":13},"3":{"loc":{"start":{"line":25,"column":28},"end":{"line":25,"column":42}},"type":"default-arg","locations":[{"start":{"line":25,"column":35},"end":{"line":25,"column":42}}],"line":25},"4":{"loc":{"start":{"line":28,"column":4},"end":{"line":31,"column":5}},"type":"if","locations":[{"start":{"line":28,"column":4},"end":{"line":31,"column":5}},{"start":{"line":28,"column":4},"end":{"line":31,"column":5}}],"line":28},"5":{"loc":{"start":{"line":28,"column":8},"end":{"line":29,"column":38}},"type":"binary-expr","locations":[{"start":{"line":28,"column":8},"end":{"line":28,"column":23}},{"start":{"line":29,"column":11},"end":{"line":29,"column":38}}],"line":28},"6":{"loc":{"start":{"line":36,"column":4},"end":{"line":42,"column":5}},"type":"if","locations":[{"start":{"line":36,"column":4},"end":{"line":42,"column":5}},{"start":{"line":36,"column":4},"end":{"line":42,"column":5}}],"line":36},"7":{"loc":{"start":{"line":42,"column":6},"end":{"line":49,"column":5}},"type":"if","locations":[{"start":{"line":42,"column":6},"end":{"line":49,"column":5}},{"start":{"line":42,"column":6},"end":{"line":49,"column":5}}],"line":42},"8":{"loc":{"start":{"line":49,"column":6},"end":{"line":57,"column":5}},"type":"if","locations":[{"start":{"line":49,"column":6},"end":{"line":57,"column":5}},{"start":{"line":49,"column":6},"end":{"line":57,"column":5}}],"line":49}},"s":{"0":1,"1":1,"2":4,"3":0,"4":4,"5":1,"6":7,"7":0,"8":7,"9":7,"10":4,"11":3,"12":1,"13":7,"14":0,"15":7,"16":4,"17":4,"18":2,"19":2,"20":2,"21":2,"22":2,"23":2,"24":1,"25":1,"26":1,"27":1,"28":1,"29":1,"30":1,"31":1,"32":1,"33":1,"34":1,"35":1,"36":1,"37":1,"38":0,"39":1},"f":{"0":4,"1":7,"2":7},"b":{"0":[0,4],"1":[4,0],"2":[0,7],"3":[3],"4":[0,7],"5":[7,7],"6":[2,2],"7":[1,1],"8":[1,0]},"_coverageSchema":"1a1c01bbd47fc00a2c39e90264f33305004495a9","hash":"bd22799ff6266609ad85649c31c9279c329b8bfb"}
}
