TN:
SF:src/index.js
FN:5,(anonymous_0)
FN:12,(anonymous_1)
FN:25,(anonymous_2)
FNF:3
FNH:3
FNDA:4,(anonymous_0)
FNDA:7,(anonymous_1)
FNDA:7,(anonymous_2)
DA:1,1
DA:5,1
DA:6,4
DA:7,0
DA:9,4
DA:12,1
DA:13,7
DA:14,0
DA:17,7
DA:18,7
DA:19,4
DA:21,3
DA:25,1
DA:28,7
DA:30,0
DA:33,7
DA:34,4
DA:36,4
DA:37,2
DA:38,2
DA:39,2
DA:40,2
DA:41,2
DA:42,2
DA:43,1
DA:44,1
DA:45,1
DA:46,1
DA:47,1
DA:48,1
DA:49,1
DA:50,1
DA:51,1
DA:52,1
DA:53,1
DA:54,1
DA:55,1
DA:56,1
DA:58,0
DA:62,1
LF:40
LH:36
BRDA:6,0,0,0
BRDA:6,0,1,4
BRDA:9,1,0,4
BRDA:9,1,1,0
BRDA:13,2,0,0
BRDA:13,2,1,7
BRDA:25,3,0,3
BRDA:28,4,0,0
BRDA:28,4,1,7
BRDA:28,5,0,7
BRDA:28,5,1,7
BRDA:36,6,0,2
BRDA:36,6,1,2
BRDA:42,7,0,1
BRDA:42,7,1,1
BRDA:49,8,0,1
BRDA:49,8,1,0
BRF:17
BRH:12
end_of_record
